生成启动时间为 2018/1/24 15:13:20。
     1>项目“D:\vsproj\CvDemo\ConCurrentProgram\ConCurrentProgram.vcxproj”在节点 2 上(Build 个目标)。
     1>ClCompile:
         D:\Program Files (x86)\Microsoft Visual Studio 12.0\VC\bin\CL.exe /c /Zi /nologo /W3 /WX- /sdl /O2 /Oi /Oy- /GL /D WIN32 /D NDEBUG /D _CONSOLE /D _LIB /D _UNICODE /D UNICODE /Gm- /EHsc /MD /GS /Gy /fp:precise /Zc:wchar_t /Zc:forScope /Fo"Release\\" /Fd"Release\vc120.pdb" /Gd /TP /analyze- /errorReport:prompt ChapterCritical.cpp ChapterEvent.cpp ChapterEventPause.cpp
         ChapterCritical.cpp
         ChapterEvent.cpp
         ChapterEventPause.cpp
       Link:
         D:\Program Files (x86)\Microsoft Visual Studio 12.0\VC\bin\link.exe /ERRORREPORT:PROMPT /OUT:"D:\vsproj\CvDemo\Release\ConCurrentProgram.exe" /INCREMENTAL:NO /NOLOGO kernel32.lib user32.lib gdi32.lib winspool.lib comdlg32.lib advapi32.lib shell32.lib ole32.lib oleaut32.lib uuid.lib odbc32.lib odbccp32.lib /MANIFEST /MANIFESTUAC:"level='asInvoker' uiAccess='false'" /manifest:embed /DEBUG /PDB:"D:\vsproj\CvDemo\Release\ConCurrentProgram.pdb" /SUBSYSTEM:CONSOLE /OPT:REF /OPT:ICF /LTCG /TLBID:1 /DYNAMICBASE /NXCOMPAT /IMPLIB:"D:\vsproj\CvDemo\Release\ConCurrentProgram.lib" /MACHINE:X86 /SAFESEH Release\ChapterCritical.obj
         Release\ChapterEat.obj
         Release\ChapterEvent.obj
         Release\ChapterEventPause.obj
         Release\csrthread.obj
         Release\main.obj
         Release\MyList.obj
         Release\MyMutex.obj
         Release\MyQueue.obj
         Release\MyStack.obj
         Release\MyThread.obj
         Release\MyThreadPool.obj
         Release\Task.obj
         Release\TestTask.obj
         Release\ThreadPool.obj
         Release\ThreadPool1.obj
         正在生成代码
         已完成代码的生成
         ConCurrentProgram.vcxproj -> D:\vsproj\CvDemo\Release\ConCurrentProgram.exe
     1>已完成生成项目“D:\vsproj\CvDemo\ConCurrentProgram\ConCurrentProgram.vcxproj”(Build 个目标)的操作。

生成成功。

已用时间 00:00:02.21
