生成启动时间为 2018/1/8 19:01:13。
     1>项目“E:\code\mycode\CvDemo\CvDemo\CvDemo.vcxproj”在节点 2 上(Build 个目标)。
     1>ClCompile:
         D:\Program Files (x86)\Microsoft Visual Studio 12.0\VC\bin\CL.exe /c /ID:\opencv\build\include /Zi /nologo /W3 /WX- /sdl /O2 /Oi /Oy- /GL /D WIN32 /D NDEBUG /D _CONSOLE /D _LIB /D _UNICODE /D UNICODE /Gm- /EHsc /MD /GS /Gy /fp:precise /Zc:wchar_t /Zc:forScope /Yu"stdafx.h" /Fp"Release\CvDemo.pch" /Fo"Release\\" /Fd"Release\vc120.pdb" /Gd /TP /analyze- /errorReport:prompt CvDemo.cpp
         CvDemo.cpp
       Link:
         D:\Program Files (x86)\Microsoft Visual Studio 12.0\VC\bin\link.exe /ERRORREPORT:PROMPT /OUT:"E:\code\mycode\CvDemo\Release\CvDemo.exe" /INCREMENTAL:NO /NOLOGO /LIBPATH:D:\opencv\build\x64\vc14\lib kernel32.lib user32.lib gdi32.lib winspool.lib comdlg32.lib advapi32.lib shell32.lib ole32.lib oleaut32.lib uuid.lib odbc32.lib odbccp32.lib /MANIFEST /MANIFESTUAC:"level='asInvoker' uiAccess='false'" /manifest:embed /DEBUG /PDB:"E:\code\mycode\CvDemo\Release\CvDemo.pdb" /SUBSYSTEM:CONSOLE /OPT:REF /OPT:ICF /LTCG /TLBID:1 /DYNAMICBASE /NXCOMPAT /IMPLIB:"E:\code\mycode\CvDemo\Release\CvDemo.lib" /MACHINE:X86 /SAFESEH Release\CameraShift.obj
         Release\CvDemo.obj
         Release\highgui.obj
         Release\stdafx.obj
     1>CvDemo.obj : error LNK2001: 无法解析的外部符号 "private: char * __thiscall cv::String::allocate(unsigned int)" (?allocate@String@cv@@AAEPADI@Z)
     1>CvDemo.obj : error LNK2001: 无法解析的外部符号 "private: void __thiscall cv::String::deallocate(void)" (?deallocate@String@cv@@AAEXXZ)
     1>CvDemo.obj : error LNK2001: 无法解析的外部符号 "void __cdecl cv::fastFree(void *)" (?fastFree@cv@@YAXPAX@Z)
     1>CvDemo.obj : error LNK2001: 无法解析的外部符号 "public: void __thiscall cv::Mat::deallocate(void)" (?deallocate@Mat@cv@@QAEXXZ)
     1>CvDemo.obj : error LNK2001: 无法解析的外部符号 "public: __thiscall cv::VideoCapture::VideoCapture(int)" (??0VideoCapture@cv@@QAE@H@Z)
     1>CvDemo.obj : error LNK2001: 无法解析的外部符号 "public: virtual __thiscall cv::VideoCapture::~VideoCapture(void)" (??1VideoCapture@cv@@UAE@XZ)
     1>CvDemo.obj : error LNK2001: 无法解析的外部符号 "public: virtual bool __thiscall cv::VideoCapture::isOpened(void)const " (?isOpened@VideoCapture@cv@@UBE_NXZ)
     1>CvDemo.obj : error LNK2001: 无法解析的外部符号 "public: __thiscall cv::CascadeClassifier::CascadeClassifier(void)" (??0CascadeClassifier@cv@@QAE@XZ)
     1>CvDemo.obj : error LNK2001: 无法解析的外部符号 "public: __thiscall cv::CascadeClassifier::~CascadeClassifier(void)" (??1CascadeClassifier@cv@@QAE@XZ)
     1>CvDemo.obj : error LNK2001: 无法解析的外部符号 "public: bool __thiscall cv::CascadeClassifier::load(class cv::String const &)" (?load@CascadeClassifier@cv@@QAE_NABVString@2@@Z)
     1>CvDemo.obj : error LNK2001: 无法解析的外部符号 "public: static struct cv::Ptr<class cv::face::EigenFaceRecognizer> __cdecl cv::face::EigenFaceRecognizer::create(int,double)" (?create@EigenFaceRecognizer@face@cv@@SA?AU?$Ptr@VEigenFaceRecognizer@face@cv@@@3@HN@Z)
     1>E:\code\mycode\CvDemo\Release\CvDemo.exe : fatal error LNK1120: 11 个无法解析的外部命令
     1>已完成生成项目“E:\code\mycode\CvDemo\CvDemo\CvDemo.vcxproj”(Build 个目标)的操作 - 失败。

生成失败。

已用时间 00:00:06.44
